Arguments: 
  /usr/local/bin/node /usr/local/bin/yarnpkg install

PATH: 
  /usr/bin:/bin:/usr/sbin:/sbin:/usr/local/bin

Yarn version: 
  1.22.10

Node version: 
  14.16.1

Platform: 
  darwin x64

Trace: 
  Error: https://github.com/expo/react-native/archive/sdk-41.0.0.tar.gz: ESOCKETTIMEDOUT
      at ClientRequest.<anonymous> (/usr/local/lib/node_modules/yarn/lib/cli.js:141289:19)
      at Object.onceWrapper (events.js:421:28)
      at ClientRequest.emit (events.js:315:20)
      at TLSSocket.emitRequestTimeout (_http_client.js:784:9)
      at Object.onceWrapper (events.js:421:28)
      at TLSSocket.emit (events.js:327:22)
      at TLSSocket.Socket._onTimeout (net.js:483:8)
      at listOnTimeout (internal/timers.js:554:17)
      at processTimers (internal/timers.js:497:7)

npm manifest: 
  {
    "main": "node_modules/expo/AppEntry.js",
    "scripts": {
      "start": "expo start",
      "android": "expo start --android",
      "ios": "expo start --ios",
      "web": "expo start --web",
      "eject": "expo eject"
    },
    "dependencies": {
      "expo": "~41.0.1",
      "expo-status-bar": "~1.0.4",
      "react": "16.13.1",
      "react-dom": "16.13.1",
      "react-native": "https://github.com/expo/react-native/archive/sdk-41.0.0.tar.gz",
      "react-native-web": "~0.13.12"
    },
    "devDependencies": {
      "@babel/core": "^7.9.0"
    },
    "private": true
  }

yarn manifest: 
  No manifest

Lockfile: 
  No lockfile
